Feb 15, 2010 11:18:13 AM org.apache.catalina.core.AprLifecycleListener init
INFO: The APR based Apache Tomcat Native library which allows optimal performance in production environments was not found on the java.library.path: /usr/lib/jvm/java-6-sun-1.6.0.14/jre/lib/i386/server:/usr/lib/jvm/java-6-sun-1.6.0.14/jre/lib/i386:/usr/lib/jvm/java-6-sun-1.6.0.14/jre/../lib/i386:/usr/java/packages/lib/i386:/lib:/usr/lib
Feb 15, 2010 11:18:13 AM org.apache.coyote.http11.Http11Protocol init
INFO: Initializing Coyote HTTP/1.1 on http-8080
Feb 15, 2010 11:18:13 AM org.apache.catalina.startup.Catalina load
INFO: Initialization processed in 618 ms
Feb 15, 2010 11:18:13 AM org.apache.catalina.core.StandardService start
INFO: Starting service Catalina
Feb 15, 2010 11:18:13 AM org.apache.catalina.core.StandardEngine start
INFO: Starting Servlet Engine: Apache Tomcat/6.0.24
Feb 15, 2010 11:18:13 AM org.apache.catalina.startup.HostConfig deployDirectory
INFO: Deploying web application directory ROOT
Feb 15, 2010 11:18:13 AM org.apache.catalina.startup.HostConfig deployDirectory
INFO: Deploying web application directory docs
Feb 15, 2010 11:18:14 AM org.apache.catalina.startup.HostConfig deployDirectory
INFO: Deploying web application directory examples
Feb 15, 2010 11:18:14 AM org.apache.catalina.startup.HostConfig deployDirectory
INFO: Deploying web application directory host-manager
Feb 15, 2010 11:18:15 AM org.apache.catalina.startup.HostConfig deployDirectory
INFO: Deploying web application directory manager
Feb 15, 2010 11:18:15 AM org.apache.catalina.startup.HostConfig deployDirectory
INFO: Deploying web application directory springapp
Feb 15, 2010 11:18:15 AM org.apache.coyote.http11.Http11Protocol start
INFO: Starting Coyote HTTP/1.1 on http-8080
Feb 15, 2010 11:18:15 AM org.apache.jk.common.ChannelSocket init
INFO: JK: ajp13 listening on /0.0.0.0:8009
Feb 15, 2010 11:18:15 AM org.apache.jk.server.JkMain start
INFO: Jk running ID=0 time=0/32  config=null
Feb 15, 2010 11:18:15 AM org.apache.catalina.startup.Catalina start
INFO: Server startup in 2710 ms
Feb 15, 2010 11:51:57 AM org.apache.catalina.startup.HostConfig deployDirectory
INFO: Deploying web application directory mashbot-core
Feb 15, 2010 11:51:58 AM org.apache.tomcat.util.digester.Digester endElement
SEVERE: End event threw exception
java.lang.reflect.InvocationTargetException
	at sun.reflect.GeneratedMethodAccessor18.invoke(Unknown Source)
	at sun.reflect.DelegatingMethodAccessorImpl.invoke(DelegatingMethodAccessorImpl.java:25)
	at java.lang.reflect.Method.invoke(Method.java:597)
	at org.apache.tomcat.util.IntrospectionUtils.callMethodN(IntrospectionUtils.java:959)
	at org.apache.catalina.startup.CallMethodMultiRule.end(WebRuleSet.java:789)
	at org.apache.tomcat.util.digester.Rule.end(Rule.java:229)
	at org.apache.tomcat.util.digester.Digester.endElement(Digester.java:1138)
	at com.sun.org.apache.xerces.internal.parsers.AbstractSAXParser.endElement(AbstractSAXParser.java:601)
	at com.sun.org.apache.xerces.internal.impl.XMLDocumentFragmentScannerImpl.scanEndElement(XMLDocumentFragmentScannerImpl.java:1774)
	at com.sun.org.apache.xerces.internal.impl.XMLDocumentFragmentScannerImpl$FragmentContentDriver.next(XMLDocumentFragmentScannerImpl.java:2930)
	at com.sun.org.apache.xerces.internal.impl.XMLDocumentScannerImpl.next(XMLDocumentScannerImpl.java:648)
	at com.sun.org.apache.xerces.internal.impl.XMLDocumentFragmentScannerImpl.scanDocument(XMLDocumentFragmentScannerImpl.java:510)
	at com.sun.org.apache.xerces.internal.parsers.XML11Configuration.parse(XML11Configuration.java:807)
	at com.sun.org.apache.xerces.internal.parsers.XML11Configuration.parse(XML11Configuration.java:737)
	at com.sun.org.apache.xerces.internal.parsers.XMLParser.parse(XMLParser.java:107)
	at com.sun.org.apache.xerces.internal.parsers.AbstractSAXParser.parse(AbstractSAXParser.java:1205)
	at com.sun.org.apache.xerces.internal.jaxp.SAXParserImpl$JAXPSAXParser.parse(SAXParserImpl.java:522)
	at org.apache.tomcat.util.digester.Digester.parse(Digester.java:1642)
	at org.apache.catalina.startup.ContextConfig.applicationWebConfig(ContextConfig.java:365)
	at org.apache.catalina.startup.ContextConfig.start(ContextConfig.java:1072)
	at org.apache.catalina.startup.ContextConfig.lifecycleEvent(ContextConfig.java:261)
	at org.apache.catalina.util.LifecycleSupport.fireLifecycleEvent(LifecycleSupport.java:119)
	at org.apache.catalina.core.StandardContext.start(StandardContext.java:4377)
	at org.apache.catalina.core.ContainerBase.addChildInternal(ContainerBase.java:791)
	at org.apache.catalina.core.ContainerBase.addChild(ContainerBase.java:771)
	at org.apache.catalina.core.StandardHost.addChild(StandardHost.java:526)
	at org.apache.catalina.startup.HostConfig.deployDirectory(HostConfig.java:1041)
	at org.apache.catalina.startup.HostConfig.deployDirectories(HostConfig.java:964)
	at org.apache.catalina.startup.HostConfig.deployApps(HostConfig.java:502)
	at org.apache.catalina.startup.HostConfig.check(HostConfig.java:1345)
	at org.apache.catalina.startup.HostConfig.lifecycleEvent(HostConfig.java:303)
	at org.apache.catalina.util.LifecycleSupport.fireLifecycleEvent(LifecycleSupport.java:119)
	at org.apache.catalina.core.ContainerBase.backgroundProcess(ContainerBase.java:1337)
	at org.apache.catalina.core.ContainerBase$ContainerBackgroundProcessor.processChildren(ContainerBase.java:1601)
	at org.apache.catalina.core.ContainerBase$ContainerBackgroundProcessor.processChildren(ContainerBase.java:1610)
	at org.apache.catalina.core.ContainerBase$ContainerBackgroundProcessor.run(ContainerBase.java:1590)
	at java.lang.Thread.run(Thread.java:619)
Caused by: java.lang.IllegalArgumentException: Invalid <url-pattern> * in servlet mapping
	at org.apache.catalina.core.StandardContext.addServletMapping(StandardContext.java:2512)
	at org.apache.catalina.core.StandardContext.addServletMapping(StandardContext.java:2488)
	... 37 more
Feb 15, 2010 11:51:58 AM org.apache.catalina.startup.ContextConfig applicationWebConfig
SEVERE: Parse error in application web.xml file at jndi:/localhost/mashbot-core/WEB-INF/web.xml
java.lang.IllegalArgumentException: Invalid <url-pattern> * in servlet mapping
	at org.apache.tomcat.util.digester.Digester.createSAXException(Digester.java:2806)
	at org.apache.tomcat.util.digester.Digester.createSAXException(Digester.java:2832)
	at org.apache.tomcat.util.digester.Digester.endElement(Digester.java:1141)
	at com.sun.org.apache.xerces.internal.parsers.AbstractSAXParser.endElement(AbstractSAXParser.java:601)
	at com.sun.org.apache.xerces.internal.impl.XMLDocumentFragmentScannerImpl.scanEndElement(XMLDocumentFragmentScannerImpl.java:1774)
	at com.sun.org.apache.xerces.internal.impl.XMLDocumentFragmentScannerImpl$FragmentContentDriver.next(XMLDocumentFragmentScannerImpl.java:2930)
	at com.sun.org.apache.xerces.internal.impl.XMLDocumentScannerImpl.next(XMLDocumentScannerImpl.java:648)
	at com.sun.org.apache.xerces.internal.impl.XMLDocumentFragmentScannerImpl.scanDocument(XMLDocumentFragmentScannerImpl.java:510)
	at com.sun.org.apache.xerces.internal.parsers.XML11Configuration.parse(XML11Configuration.java:807)
	at com.sun.org.apache.xerces.internal.parsers.XML11Configuration.parse(XML11Configuration.java:737)
	at com.sun.org.apache.xerces.internal.parsers.XMLParser.parse(XMLParser.java:107)
	at com.sun.org.apache.xerces.internal.parsers.AbstractSAXParser.parse(AbstractSAXParser.java:1205)
	at com.sun.org.apache.xerces.internal.jaxp.SAXParserImpl$JAXPSAXParser.parse(SAXParserImpl.java:522)
	at org.apache.tomcat.util.digester.Digester.parse(Digester.java:1642)
	at org.apache.catalina.startup.ContextConfig.applicationWebConfig(ContextConfig.java:365)
	at org.apache.catalina.startup.ContextConfig.start(ContextConfig.java:1072)
	at org.apache.catalina.startup.ContextConfig.lifecycleEvent(ContextConfig.java:261)
	at org.apache.catalina.util.LifecycleSupport.fireLifecycleEvent(LifecycleSupport.java:119)
	at org.apache.catalina.core.StandardContext.start(StandardContext.java:4377)
	at org.apache.catalina.core.ContainerBase.addChildInternal(ContainerBase.java:791)
	at org.apache.catalina.core.ContainerBase.addChild(ContainerBase.java:771)
	at org.apache.catalina.core.StandardHost.addChild(StandardHost.java:526)
	at org.apache.catalina.startup.HostConfig.deployDirectory(HostConfig.java:1041)
	at org.apache.catalina.startup.HostConfig.deployDirectories(HostConfig.java:964)
	at org.apache.catalina.startup.HostConfig.deployApps(HostConfig.java:502)
	at org.apache.catalina.startup.HostConfig.check(HostConfig.java:1345)
	at org.apache.catalina.startup.HostConfig.lifecycleEvent(HostConfig.java:303)
	at org.apache.catalina.util.LifecycleSupport.fireLifecycleEvent(LifecycleSupport.java:119)
	at org.apache.catalina.core.ContainerBase.backgroundProcess(ContainerBase.java:1337)
	at org.apache.catalina.core.ContainerBase$ContainerBackgroundProcessor.processChildren(ContainerBase.java:1601)
	at org.apache.catalina.core.ContainerBase$ContainerBackgroundProcessor.processChildren(ContainerBase.java:1610)
	at org.apache.catalina.core.ContainerBase$ContainerBackgroundProcessor.run(ContainerBase.java:1590)
	at java.lang.Thread.run(Thread.java:619)
Caused by: java.lang.IllegalArgumentException: Invalid <url-pattern> * in servlet mapping
	at org.apache.catalina.core.StandardContext.addServletMapping(StandardContext.java:2512)
	at org.apache.catalina.core.StandardContext.addServletMapping(StandardContext.java:2488)
	at sun.reflect.GeneratedMethodAccessor18.invoke(Unknown Source)
	at sun.reflect.DelegatingMethodAccessorImpl.invoke(DelegatingMethodAccessorImpl.java:25)
	at java.lang.reflect.Method.invoke(Method.java:597)
	at org.apache.tomcat.util.IntrospectionUtils.callMethodN(IntrospectionUtils.java:959)
	at org.apache.catalina.startup.CallMethodMultiRule.end(WebRuleSet.java:789)
	at org.apache.tomcat.util.digester.Rule.end(Rule.java:229)
	at org.apache.tomcat.util.digester.Digester.endElement(Digester.java:1138)
	... 30 more
Feb 15, 2010 11:51:58 AM org.apache.catalina.startup.ContextConfig applicationWebConfig
SEVERE: Occurred at line 19 column 21
Feb 15, 2010 11:51:58 AM org.apache.catalina.startup.ContextConfig start
SEVERE: Marking this application unavailable due to previous error(s)
Feb 15, 2010 11:51:58 AM org.apache.catalina.core.StandardContext start
SEVERE: Error getConfigured
Feb 15, 2010 11:51:58 AM org.apache.catalina.core.StandardContext start
SEVERE: Context [/mashbot-core] startup failed due to previous errors
Feb 15, 2010 11:53:57 AM org.apache.catalina.core.AprLifecycleListener init
INFO: The APR based Apache Tomcat Native library which allows optimal performance in production environments was not found on the java.library.path: /usr/lib/jvm/java-6-sun-1.6.0.14/jre/lib/i386/server:/usr/lib/jvm/java-6-sun-1.6.0.14/jre/lib/i386:/usr/lib/jvm/java-6-sun-1.6.0.14/jre/../lib/i386:/usr/java/packages/lib/i386:/lib:/usr/lib
Feb 15, 2010 11:53:57 AM org.apache.coyote.http11.Http11Protocol init
INFO: Initializing Coyote HTTP/1.1 on http-8080
Feb 15, 2010 11:53:57 AM org.apache.catalina.startup.Catalina load
INFO: Initialization processed in 636 ms
Feb 15, 2010 11:53:57 AM org.apache.catalina.core.StandardService start
INFO: Starting service Catalina
Feb 15, 2010 11:53:57 AM org.apache.catalina.core.StandardEngine start
INFO: Starting Servlet Engine: Apache Tomcat/6.0.24
Feb 15, 2010 11:53:57 AM org.apache.catalina.startup.HostConfig deployDescriptor
INFO: Deploying configuration descriptor host-manager.xml
Feb 15, 2010 11:53:58 AM org.apache.catalina.startup.HostConfig deployDescriptor
INFO: Deploying configuration descriptor manager.xml
Feb 15, 2010 11:53:58 AM org.apache.catalina.startup.HostConfig deployDirectory
INFO: Deploying web application directory ROOT
Feb 15, 2010 11:53:58 AM org.apache.catalina.startup.HostConfig deployDirectory
INFO: Deploying web application directory docs
Feb 15, 2010 11:53:58 AM org.apache.catalina.startup.HostConfig deployDirectory
INFO: Deploying web application directory examples
Feb 15, 2010 11:53:58 AM org.apache.catalina.startup.HostConfig deployDirectory
INFO: Deploying web application directory springapp
Feb 15, 2010 11:53:58 AM org.apache.catalina.startup.HostConfig deployDirectory
INFO: Deploying web application directory mashbot-core
Feb 15, 2010 11:53:58 AM org.apache.tomcat.util.digester.Digester endElement
SEVERE: End event threw exception
java.lang.reflect.InvocationTargetException
	at sun.reflect.GeneratedMethodAccessor18.invoke(Unknown Source)
	at sun.reflect.DelegatingMethodAccessorImpl.invoke(DelegatingMethodAccessorImpl.java:25)
	at java.lang.reflect.Method.invoke(Method.java:597)
	at org.apache.tomcat.util.IntrospectionUtils.callMethodN(IntrospectionUtils.java:959)
	at org.apache.catalina.startup.CallMethodMultiRule.end(WebRuleSet.java:789)
	at org.apache.tomcat.util.digester.Rule.end(Rule.java:229)
	at org.apache.tomcat.util.digester.Digester.endElement(Digester.java:1138)
	at com.sun.org.apache.xerces.internal.parsers.AbstractSAXParser.endElement(AbstractSAXParser.java:601)
	at com.sun.org.apache.xerces.internal.impl.XMLDocumentFragmentScannerImpl.scanEndElement(XMLDocumentFragmentScannerImpl.java:1774)
	at com.sun.org.apache.xerces.internal.impl.XMLDocumentFragmentScannerImpl$FragmentContentDriver.next(XMLDocumentFragmentScannerImpl.java:2930)
	at com.sun.org.apache.xerces.internal.impl.XMLDocumentScannerImpl.next(XMLDocumentScannerImpl.java:648)
	at com.sun.org.apache.xerces.internal.impl.XMLDocumentFragmentScannerImpl.scanDocument(XMLDocumentFragmentScannerImpl.java:510)
	at com.sun.org.apache.xerces.internal.parsers.XML11Configuration.parse(XML11Configuration.java:807)
	at com.sun.org.apache.xerces.internal.parsers.XML11Configuration.parse(XML11Configuration.java:737)
	at com.sun.org.apache.xerces.internal.parsers.XMLParser.parse(XMLParser.java:107)
	at com.sun.org.apache.xerces.internal.parsers.AbstractSAXParser.parse(AbstractSAXParser.java:1205)
	at com.sun.org.apache.xerces.internal.jaxp.SAXParserImpl$JAXPSAXParser.parse(SAXParserImpl.java:522)
	at org.apache.tomcat.util.digester.Digester.parse(Digester.java:1642)
	at org.apache.catalina.startup.ContextConfig.applicationWebConfig(ContextConfig.java:365)
	at org.apache.catalina.startup.ContextConfig.start(ContextConfig.java:1072)
	at org.apache.catalina.startup.ContextConfig.lifecycleEvent(ContextConfig.java:261)
	at org.apache.catalina.util.LifecycleSupport.fireLifecycleEvent(LifecycleSupport.java:119)
	at org.apache.catalina.core.StandardContext.start(StandardContext.java:4377)
	at org.apache.catalina.core.ContainerBase.addChildInternal(ContainerBase.java:791)
	at org.apache.catalina.core.ContainerBase.addChild(ContainerBase.java:771)
	at org.apache.catalina.core.StandardHost.addChild(StandardHost.java:526)
	at org.apache.catalina.startup.HostConfig.deployDirectory(HostConfig.java:1041)
	at org.apache.catalina.startup.HostConfig.deployDirectories(HostConfig.java:964)
	at org.apache.catalina.startup.HostConfig.deployApps(HostConfig.java:502)
	at org.apache.catalina.startup.HostConfig.start(HostConfig.java:1277)
	at org.apache.catalina.startup.HostConfig.lifecycleEvent(HostConfig.java:321)
	at org.apache.catalina.util.LifecycleSupport.fireLifecycleEvent(LifecycleSupport.java:119)
	at org.apache.catalina.core.ContainerBase.start(ContainerBase.java:1053)
	at org.apache.catalina.core.StandardHost.start(StandardHost.java:722)
	at org.apache.catalina.core.ContainerBase.start(ContainerBase.java:1045)
	at org.apache.catalina.core.StandardEngine.start(StandardEngine.java:443)
	at org.apache.catalina.core.StandardService.start(StandardService.java:516)
	at org.apache.catalina.core.StandardServer.start(StandardServer.java:710)
	at org.apache.catalina.startup.Catalina.start(Catalina.java:593)
	at sun.reflect.NativeMethodAccessorImpl.invoke0(Native Method)
	at sun.reflect.NativeMethodAccessorImpl.invoke(NativeMethodAccessorImpl.java:39)
	at sun.reflect.DelegatingMethodAccessorImpl.invoke(DelegatingMethodAccessorImpl.java:25)
	at java.lang.reflect.Method.invoke(Method.java:597)
	at org.apache.catalina.startup.Bootstrap.start(Bootstrap.java:289)
	at org.apache.catalina.startup.Bootstrap.main(Bootstrap.java:414)
Caused by: java.lang.IllegalArgumentException: Invalid <url-pattern> * in servlet mapping
	at org.apache.catalina.core.StandardContext.addServletMapping(StandardContext.java:2512)
	at org.apache.catalina.core.StandardContext.addServletMapping(StandardContext.java:2488)
	... 45 more
Feb 15, 2010 11:53:58 AM org.apache.catalina.startup.ContextConfig applicationWebConfig
SEVERE: Parse error in application web.xml file at jndi:/localhost/mashbot-core/WEB-INF/web.xml
java.lang.IllegalArgumentException: Invalid <url-pattern> * in servlet mapping
	at org.apache.tomcat.util.digester.Digester.createSAXException(Digester.java:2806)
	at org.apache.tomcat.util.digester.Digester.createSAXException(Digester.java:2832)
	at org.apache.tomcat.util.digester.Digester.endElement(Digester.java:1141)
	at com.sun.org.apache.xerces.internal.parsers.AbstractSAXParser.endElement(AbstractSAXParser.java:601)
	at com.sun.org.apache.xerces.internal.impl.XMLDocumentFragmentScannerImpl.scanEndElement(XMLDocumentFragmentScannerImpl.java:1774)
	at com.sun.org.apache.xerces.internal.impl.XMLDocumentFragmentScannerImpl$FragmentContentDriver.next(XMLDocumentFragmentScannerImpl.java:2930)
	at com.sun.org.apache.xerces.internal.impl.XMLDocumentScannerImpl.next(XMLDocumentScannerImpl.java:648)
	at com.sun.org.apache.xerces.internal.impl.XMLDocumentFragmentScannerImpl.scanDocument(XMLDocumentFragmentScannerImpl.java:510)
	at com.sun.org.apache.xerces.internal.parsers.XML11Configuration.parse(XML11Configuration.java:807)
	at com.sun.org.apache.xerces.internal.parsers.XML11Configuration.parse(XML11Configuration.java:737)
	at com.sun.org.apache.xerces.internal.parsers.XMLParser.parse(XMLParser.java:107)
	at com.sun.org.apache.xerces.internal.parsers.AbstractSAXParser.parse(AbstractSAXParser.java:1205)
	at com.sun.org.apache.xerces.internal.jaxp.SAXParserImpl$JAXPSAXParser.parse(SAXParserImpl.java:522)
	at org.apache.tomcat.util.digester.Digester.parse(Digester.java:1642)
	at org.apache.catalina.startup.ContextConfig.applicationWebConfig(ContextConfig.java:365)
	at org.apache.catalina.startup.ContextConfig.start(ContextConfig.java:1072)
	at org.apache.catalina.startup.ContextConfig.lifecycleEvent(ContextConfig.java:261)
	at org.apache.catalina.util.LifecycleSupport.fireLifecycleEvent(LifecycleSupport.java:119)
	at org.apache.catalina.core.StandardContext.start(StandardContext.java:4377)
	at org.apache.catalina.core.ContainerBase.addChildInternal(ContainerBase.java:791)
	at org.apache.catalina.core.ContainerBase.addChild(ContainerBase.java:771)
	at org.apache.catalina.core.StandardHost.addChild(StandardHost.java:526)
	at org.apache.catalina.startup.HostConfig.deployDirectory(HostConfig.java:1041)
	at org.apache.catalina.startup.HostConfig.deployDirectories(HostConfig.java:964)
	at org.apache.catalina.startup.HostConfig.deployApps(HostConfig.java:502)
	at org.apache.catalina.startup.HostConfig.start(HostConfig.java:1277)
	at org.apache.catalina.startup.HostConfig.lifecycleEvent(HostConfig.java:321)
	at org.apache.catalina.util.LifecycleSupport.fireLifecycleEvent(LifecycleSupport.java:119)
	at org.apache.catalina.core.ContainerBase.start(ContainerBase.java:1053)
	at org.apache.catalina.core.StandardHost.start(StandardHost.java:722)
	at org.apache.catalina.core.ContainerBase.start(ContainerBase.java:1045)
	at org.apache.catalina.core.StandardEngine.start(StandardEngine.java:443)
	at org.apache.catalina.core.StandardService.start(StandardService.java:516)
	at org.apache.catalina.core.StandardServer.start(StandardServer.java:710)
	at org.apache.catalina.startup.Catalina.start(Catalina.java:593)
	at sun.reflect.NativeMethodAccessorImpl.invoke0(Native Method)
	at sun.reflect.NativeMethodAccessorImpl.invoke(NativeMethodAccessorImpl.java:39)
	at sun.reflect.DelegatingMethodAccessorImpl.invoke(DelegatingMethodAccessorImpl.java:25)
	at java.lang.reflect.Method.invoke(Method.java:597)
	at org.apache.catalina.startup.Bootstrap.start(Bootstrap.java:289)
	at org.apache.catalina.startup.Bootstrap.main(Bootstrap.java:414)
Caused by: java.lang.IllegalArgumentException: Invalid <url-pattern> * in servlet mapping
	at org.apache.catalina.core.StandardContext.addServletMapping(StandardContext.java:2512)
	at org.apache.catalina.core.StandardContext.addServletMapping(StandardContext.java:2488)
	at sun.reflect.GeneratedMethodAccessor18.invoke(Unknown Source)
	at sun.reflect.DelegatingMethodAccessorImpl.invoke(DelegatingMethodAccessorImpl.java:25)
	at java.lang.reflect.Method.invoke(Method.java:597)
	at org.apache.tomcat.util.IntrospectionUtils.callMethodN(IntrospectionUtils.java:959)
	at org.apache.catalina.startup.CallMethodMultiRule.end(WebRuleSet.java:789)
	at org.apache.tomcat.util.digester.Rule.end(Rule.java:229)
	at org.apache.tomcat.util.digester.Digester.endElement(Digester.java:1138)
	... 38 more
Feb 15, 2010 11:53:58 AM org.apache.catalina.startup.ContextConfig applicationWebConfig
SEVERE: Occurred at line 19 column 21
Feb 15, 2010 11:53:58 AM org.apache.catalina.startup.ContextConfig start
SEVERE: Marking this application unavailable due to previous error(s)
Feb 15, 2010 11:53:58 AM org.apache.catalina.core.StandardContext start
SEVERE: Error getConfigured
Feb 15, 2010 11:53:58 AM org.apache.catalina.core.StandardContext start
SEVERE: Context [/mashbot-core] startup failed due to previous errors
Feb 15, 2010 11:53:58 AM org.apache.coyote.http11.Http11Protocol start
INFO: Starting Coyote HTTP/1.1 on http-8080
Feb 15, 2010 11:53:59 AM org.apache.jk.common.ChannelSocket init
INFO: JK: ajp13 listening on /0.0.0.0:8009
Feb 15, 2010 11:53:59 AM org.apache.jk.server.JkMain start
INFO: Jk running ID=0 time=0/25  config=null
Feb 15, 2010 11:53:59 AM org.apache.catalina.startup.Catalina start
INFO: Server startup in 1409 ms
Feb 15, 2010 11:55:49 AM org.apache.catalina.startup.HostConfig checkResources
INFO: Reloading context [/mashbot-core]
Feb 15, 2010 11:55:49 AM org.apache.catalina.core.StandardContext stop
INFO: Container org.apache.catalina.core.ContainerBase.[Catalina].[localhost].[/mashbot-core] has not been started
Feb 15, 2010 11:55:50 AM org.springframework.web.servlet.FrameworkServlet initServletBean
INFO: FrameworkServlet 'mashbot-core': initialization started
Feb 15, 2010 11:55:50 AM org.springframework.context.support.AbstractApplicationContext prepareRefresh
INFO: Refreshing WebApplicationContext for namespace 'mashbot-core-servlet': startup date [Mon Feb 15 11:55:50 EST 2010]; root of context hierarchy
Feb 15, 2010 11:55:50 AM org.springframework.beans.factory.xml.XmlBeanDefinitionReader loadBeanDefinitions
INFO: Loading XML bean definitions from ServletContext resource [/WEB-INF/mashbot-core-servlet.xml]
Feb 15, 2010 11:55:50 AM org.springframework.beans.factory.support.DefaultListableBeanFactory preInstantiateSingletons
INFO: Pre-instantiating singletons in org.springframework.beans.factory.support.DefaultListableBeanFactory@940b84: defining beans [/hello.htm]; root of factory hierarchy
Feb 15, 2010 11:55:50 AM org.springframework.web.servlet.handler.AbstractUrlHandlerMapping registerHandler
INFO: Mapped URL path [/hello.htm] onto handler [org.mashbot.server.web.HelloController@1148603]
Feb 15, 2010 11:55:50 AM org.springframework.web.servlet.FrameworkServlet initServletBean
INFO: FrameworkServlet 'mashbot-core': initialization completed in 517 ms
Feb 15, 2010 12:02:29 PM org.apache.catalina.core.AprLifecycleListener init
INFO: The APR based Apache Tomcat Native library which allows optimal performance in production environments was not found on the java.library.path: /usr/lib/jvm/java-6-sun-1.6.0.14/jre/lib/i386/server:/usr/lib/jvm/java-6-sun-1.6.0.14/jre/lib/i386:/usr/lib/jvm/java-6-sun-1.6.0.14/jre/../lib/i386:/usr/java/packages/lib/i386:/lib:/usr/lib
Feb 15, 2010 12:02:29 PM org.apache.coyote.http11.Http11Protocol init
INFO: Initializing Coyote HTTP/1.1 on http-8080
Feb 15, 2010 12:02:29 PM org.apache.catalina.startup.Catalina load
INFO: Initialization processed in 587 ms
Feb 15, 2010 12:02:29 PM org.apache.catalina.core.StandardService start
INFO: Starting service Catalina
Feb 15, 2010 12:02:29 PM org.apache.catalina.core.StandardEngine start
INFO: Starting Servlet Engine: Apache Tomcat/6.0.24
Feb 15, 2010 12:02:29 PM org.apache.catalina.startup.HostConfig deployDescriptor
INFO: Deploying configuration descriptor host-manager.xml
Feb 15, 2010 12:02:30 PM org.apache.catalina.startup.HostConfig deployDescriptor
INFO: Deploying configuration descriptor manager.xml
Feb 15, 2010 12:02:30 PM org.apache.catalina.startup.HostConfig deployDirectory
INFO: Deploying web application directory ROOT
Feb 15, 2010 12:02:30 PM org.apache.catalina.startup.HostConfig deployDirectory
INFO: Deploying web application directory docs
Feb 15, 2010 12:02:30 PM org.apache.catalina.startup.HostConfig deployDirectory
INFO: Deploying web application directory examples
Feb 15, 2010 12:02:30 PM org.apache.catalina.startup.HostConfig deployDirectory
INFO: Deploying web application directory springapp
Feb 15, 2010 12:02:30 PM org.apache.catalina.startup.HostConfig deployDirectory
INFO: Deploying web application directory mashbot-core
Feb 15, 2010 12:02:31 PM org.springframework.web.servlet.FrameworkServlet initServletBean
INFO: FrameworkServlet 'mashbot-core': initialization started
Feb 15, 2010 12:02:31 PM org.springframework.context.support.AbstractApplicationContext prepareRefresh
INFO: Refreshing WebApplicationContext for namespace 'mashbot-core-servlet': startup date [Mon Feb 15 12:02:31 EST 2010]; root of context hierarchy
Feb 15, 2010 12:02:31 PM org.springframework.beans.factory.xml.XmlBeanDefinitionReader loadBeanDefinitions
INFO: Loading XML bean definitions from ServletContext resource [/WEB-INF/mashbot-core-servlet.xml]
Feb 15, 2010 12:02:31 PM org.springframework.beans.factory.support.DefaultListableBeanFactory preInstantiateSingletons
INFO: Pre-instantiating singletons in org.springframework.beans.factory.support.DefaultListableBeanFactory@1e6e305: defining beans [/hello.htm]; root of factory hierarchy
Feb 15, 2010 12:02:31 PM org.springframework.web.servlet.handler.AbstractUrlHandlerMapping registerHandler
INFO: Mapped URL path [/hello.htm] onto handler [org.mashbot.server.web.HelloController@ae4646]
Feb 15, 2010 12:02:31 PM org.springframework.web.servlet.FrameworkServlet initServletBean
INFO: FrameworkServlet 'mashbot-core': initialization completed in 335 ms
Feb 15, 2010 12:02:31 PM org.apache.coyote.http11.Http11Protocol start
INFO: Starting Coyote HTTP/1.1 on http-8080
Feb 15, 2010 12:02:31 PM org.apache.jk.common.ChannelSocket init
INFO: JK: ajp13 listening on /0.0.0.0:8009
Feb 15, 2010 12:02:31 PM org.apache.jk.server.JkMain start
INFO: Jk running ID=0 time=0/25  config=null
Feb 15, 2010 12:02:31 PM org.apache.catalina.startup.Catalina start
INFO: Server startup in 1804 ms
Feb 15, 2010 12:02:40 PM org.apache.catalina.core.StandardContext reload
INFO: Reloading this Context has started
Feb 15, 2010 12:02:40 PM org.springframework.context.support.AbstractApplicationContext doClose
INFO: Closing WebApplicationContext for namespace 'mashbot-core-servlet': startup date [Mon Feb 15 12:02:31 EST 2010]; root of context hierarchy
Feb 15, 2010 12:02:40 PM org.springframework.beans.factory.support.DefaultSingletonBeanRegistry destroySingletons
INFO: Destroying singletons in org.springframework.beans.factory.support.DefaultListableBeanFactory@1e6e305: defining beans [/hello.htm]; root of factory hierarchy
Feb 15, 2010 12:02:40 PM org.apache.catalina.loader.WebappClassLoader clearThreadLocalMap
SEVERE: A web application created a ThreadLocal with key of type [org.springframework.core.NamedThreadLocal] (value [Prototype beans currently in creation]) and a value of type [null] (value [null]) but failed to remove it when the web application was stopped. To prevent a memory leak, the ThreadLocal has been forcibly removed.
Feb 15, 2010 12:02:41 PM org.springframework.web.servlet.FrameworkServlet initServletBean
INFO: FrameworkServlet 'mashbot-core': initialization started
Feb 15, 2010 12:02:41 PM org.springframework.context.support.AbstractApplicationContext prepareRefresh
INFO: Refreshing WebApplicationContext for namespace 'mashbot-core-servlet': startup date [Mon Feb 15 12:02:41 EST 2010]; root of context hierarchy
Feb 15, 2010 12:02:41 PM org.springframework.beans.factory.xml.XmlBeanDefinitionReader loadBeanDefinitions
INFO: Loading XML bean definitions from ServletContext resource [/WEB-INF/mashbot-core-servlet.xml]
Feb 15, 2010 12:02:41 PM org.springframework.beans.factory.support.DefaultListableBeanFactory preInstantiateSingletons
INFO: Pre-instantiating singletons in org.springframework.beans.factory.support.DefaultListableBeanFactory@13c53a8: defining beans [/hello.htm]; root of factory hierarchy
Feb 15, 2010 12:02:41 PM org.springframework.web.servlet.handler.AbstractUrlHandlerMapping registerHandler
INFO: Mapped URL path [/hello.htm] onto handler [org.mashbot.server.web.HelloController@1e80761]
Feb 15, 2010 12:02:41 PM org.springframework.web.servlet.FrameworkServlet initServletBean
INFO: FrameworkServlet 'mashbot-core': initialization completed in 315 ms
Feb 15, 2010 12:13:04 PM org.mashbot.server.web.HelloController handleRequest
INFO: Returning hello view
Feb 15, 2010 12:50:48 PM org.apache.catalina.core.StandardContext reload
INFO: Reloading this Context has started
Feb 15, 2010 12:50:48 PM org.springframework.context.support.AbstractApplicationContext doClose
INFO: Closing WebApplicationContext for namespace 'mashbot-core-servlet': startup date [Mon Feb 15 12:02:41 EST 2010]; root of context hierarchy
Feb 15, 2010 12:50:48 PM org.springframework.beans.factory.support.DefaultSingletonBeanRegistry destroySingletons
INFO: Destroying singletons in org.springframework.beans.factory.support.DefaultListableBeanFactory@13c53a8: defining beans [/hello.htm]; root of factory hierarchy
Feb 15, 2010 12:50:48 PM org.apache.catalina.loader.WebappClassLoader clearThreadLocalMap
SEVERE: A web application created a ThreadLocal with key of type [org.springframework.core.NamedThreadLocal] (value [Locale context]) and a value of type [null] (value [null]) but failed to remove it when the web application was stopped. To prevent a memory leak, the ThreadLocal has been forcibly removed.
Feb 15, 2010 12:50:48 PM org.apache.catalina.loader.WebappClassLoader clearThreadLocalMap
SEVERE: A web application created a ThreadLocal with key of type [org.springframework.core.NamedThreadLocal] (value [Prototype beans currently in creation]) and a value of type [null] (value [null]) but failed to remove it when the web application was stopped. To prevent a memory leak, the ThreadLocal has been forcibly removed.
Feb 15, 2010 12:50:48 PM org.apache.catalina.loader.WebappClassLoader clearThreadLocalMap
SEVERE: A web application created a ThreadLocal with key of type [org.springframework.core.NamedThreadLocal] (value [Request attributes]) and a value of type [null] (value [null]) but failed to remove it when the web application was stopped. To prevent a memory leak, the ThreadLocal has been forcibly removed.
Feb 15, 2010 12:50:48 PM org.apache.catalina.loader.WebappClassLoader clearThreadLocalMap
SEVERE: A web application created a ThreadLocal with key of type [org.springframework.core.NamedInheritableThreadLocal] (value [Request context]) and a value of type [null] (value [null]) but failed to remove it when the web application was stopped. To prevent a memory leak, the ThreadLocal has been forcibly removed.
Feb 15, 2010 12:50:48 PM org.apache.catalina.loader.WebappClassLoader clearThreadLocalMap
SEVERE: A web application created a ThreadLocal with key of type [org.springframework.core.NamedInheritableThreadLocal] (value [Locale context]) and a value of type [null] (value [null]) but failed to remove it when the web application was stopped. To prevent a memory leak, the ThreadLocal has been forcibly removed.
Feb 15, 2010 12:50:48 PM org.springframework.web.context.ContextLoader initWebApplicationContext
INFO: Root WebApplicationContext: initialization started
Feb 15, 2010 12:50:48 PM org.springframework.context.support.AbstractApplicationContext prepareRefresh
INFO: Refreshing Root WebApplicationContext: startup date [Mon Feb 15 12:50:48 EST 2010]; root of context hierarchy
Feb 15, 2010 12:50:48 PM org.springframework.beans.factory.xml.XmlBeanDefinitionReader loadBeanDefinitions
INFO: Loading XML bean definitions from ServletContext resource [/WEB-INF/conf/applicationContext.xml]
Feb 15, 2010 12:50:49 PM org.springframework.beans.factory.xml.XmlBeanDefinitionReader loadBeanDefinitions
INFO: Loading XML bean definitions from class path resource [META-INF/cxf/cxf.xml]
Feb 15, 2010 12:50:49 PM org.springframework.web.context.ContextLoader initWebApplicationContext
SEVERE: Context initialization failed
org.springframework.beans.factory.parsing.BeanDefinitionParsingException: Configuration problem: Failed to import bean definitions from URL location [classpath:META-INF/cxf/cxf.xml]
Offending resource: ServletContext resource [/WEB-INF/conf/applicationContext.xml]; nested exception is org.springframework.beans.factory.BeanDefinitionStoreException: IOException parsing XML document from class path resource [META-INF/cxf/cxf.xml]; nested exception is java.io.FileNotFoundException: class path resource [META-INF/cxf/cxf.xml] cannot be opened because it does not exist
	at org.springframework.beans.factory.parsing.FailFastProblemReporter.error(FailFastProblemReporter.java:68)
	at org.springframework.beans.factory.parsing.ReaderContext.error(ReaderContext.java:85)
	at org.springframework.beans.factory.parsing.ReaderContext.error(ReaderContext.java:76)
	at org.springframework.beans.factory.xml.DefaultBeanDefinitionDocumentReader.importBeanDefinitionResource(DefaultBeanDefinitionDocumentReader.java:193)
	at org.springframework.beans.factory.xml.DefaultBeanDefinitionDocumentReader.parseDefaultElement(DefaultBeanDefinitionDocumentReader.java:148)
	at org.springframework.beans.factory.xml.DefaultBeanDefinitionDocumentReader.parseBeanDefinitions(DefaultBeanDefinitionDocumentReader.java:133)
	at org.springframework.beans.factory.xml.DefaultBeanDefinitionDocumentReader.registerBeanDefinitions(DefaultBeanDefinitionDocumentReader.java:93)
	at org.springframework.beans.factory.xml.XmlBeanDefinitionReader.registerBeanDefinitions(XmlBeanDefinitionReader.java:493)
	at org.springframework.beans.factory.xml.XmlBeanDefinitionReader.doLoadBeanDefinitions(XmlBeanDefinitionReader.java:390)
	at org.springframework.beans.factory.xml.XmlBeanDefinitionReader.loadBeanDefinitions(XmlBeanDefinitionReader.java:334)
	at org.springframework.beans.factory.xml.XmlBeanDefinitionReader.loadBeanDefinitions(XmlBeanDefinitionReader.java:302)
	at org.springframework.beans.factory.support.AbstractBeanDefinitionReader.loadBeanDefinitions(AbstractBeanDefinitionReader.java:143)
	at org.springframework.beans.factory.support.AbstractBeanDefinitionReader.loadBeanDefinitions(AbstractBeanDefinitionReader.java:178)
	at org.springframework.beans.factory.support.AbstractBeanDefinitionReader.loadBeanDefinitions(AbstractBeanDefinitionReader.java:149)
	at org.springframework.web.context.support.XmlWebApplicationContext.loadBeanDefinitions(XmlWebApplicationContext.java:124)
	at org.springframework.web.context.support.XmlWebApplicationContext.loadBeanDefinitions(XmlWebApplicationContext.java:93)
	at org.springframework.context.support.AbstractRefreshableApplicationContext.refreshBeanFactory(AbstractRefreshableApplicationContext.java:130)
	at org.springframework.context.support.AbstractApplicationContext.obtainFreshBeanFactory(AbstractApplicationContext.java:458)
	at org.springframework.context.support.AbstractApplicationContext.refresh(AbstractApplicationContext.java:388)
	at org.springframework.web.context.ContextLoader.createWebApplicationContext(ContextLoader.java:261)
	at org.springframework.web.context.ContextLoader.initWebApplicationContext(ContextLoader.java:192)
	at org.springframework.web.context.ContextLoaderListener.contextInitialized(ContextLoaderListener.java:47)
	at org.apache.catalina.core.StandardContext.listenerStart(StandardContext.java:3972)
	at org.apache.catalina.core.StandardContext.start(StandardContext.java:4467)
	at org.apache.catalina.core.StandardContext.reload(StandardContext.java:3228)
	at org.apache.catalina.manager.ManagerServlet.reload(ManagerServlet.java:918)
	at org.apache.catalina.manager.ManagerServlet.doGet(ManagerServlet.java:360)
	at javax.servlet.http.HttpServlet.service(HttpServlet.java:617)
	at javax.servlet.http.HttpServlet.service(HttpServlet.java:717)
	at org.apache.catalina.core.ApplicationFilterChain.internalDoFilter(ApplicationFilterChain.java:290)
	at org.apache.catalina.core.ApplicationFilterChain.doFilter(ApplicationFilterChain.java:206)
	at org.apache.catalina.core.StandardWrapperValve.invoke(StandardWrapperValve.java:233)
	at org.apache.catalina.core.StandardContextValve.invoke(StandardContextValve.java:191)
	at org.apache.catalina.authenticator.AuthenticatorBase.invoke(AuthenticatorBase.java:558)
	at org.apache.catalina.core.StandardHostValve.invoke(StandardHostValve.java:127)
	at org.apache.catalina.valves.ErrorReportValve.invoke(ErrorReportValve.java:102)
	at org.apache.catalina.core.StandardEngineValve.invoke(StandardEngineValve.java:109)
	at org.apache.catalina.connector.CoyoteAdapter.service(CoyoteAdapter.java:298)
	at org.apache.coyote.http11.Http11Processor.process(Http11Processor.java:852)
	at org.apache.coyote.http11.Http11Protocol$Http11ConnectionHandler.process(Http11Protocol.java:588)
	at org.apache.tomcat.util.net.JIoEndpoint$Worker.run(JIoEndpoint.java:489)
	at java.lang.Thread.run(Thread.java:619)
Caused by: org.springframework.beans.factory.BeanDefinitionStoreException: IOException parsing XML document from class path resource [META-INF/cxf/cxf.xml]; nested exception is java.io.FileNotFoundException: class path resource [META-INF/cxf/cxf.xml] cannot be opened because it does not exist
	at org.springframework.beans.factory.xml.XmlBeanDefinitionReader.loadBeanDefinitions(XmlBeanDefinitionReader.java:341)
	at org.springframework.beans.factory.xml.XmlBeanDefinitionReader.loadBeanDefinitions(XmlBeanDefinitionReader.java:302)
	at org.springframework.beans.factory.support.AbstractBeanDefinitionReader.loadBeanDefinitions(AbstractBeanDefinitionReader.java:143)
	at org.springframework.beans.factory.support.AbstractBeanDefinitionReader.loadBeanDefinitions(AbstractBeanDefinitionReader.java:178)
	at org.springframework.beans.factory.xml.DefaultBeanDefinitionDocumentReader.importBeanDefinitionResource(DefaultBeanDefinitionDocumentReader.java:187)
	... 38 more
Caused by: java.io.FileNotFoundException: class path resource [META-INF/cxf/cxf.xml] cannot be opened because it does not exist
	at org.springframework.core.io.ClassPathResource.getInputStream(ClassPathResource.java:141)
	at org.springframework.beans.factory.xml.XmlBeanDefinitionReader.loadBeanDefinitions(XmlBeanDefinitionReader.java:328)
	... 42 more
Feb 15, 2010 12:50:49 PM org.apache.catalina.core.StandardContext start
SEVERE: Error listenerStart
Feb 15, 2010 12:50:49 PM org.apache.catalina.core.StandardContext start
SEVERE: Context [/mashbot-core] startup failed due to previous errors
Feb 15, 2010 12:50:50 PM org.apache.catalina.loader.WebappClassLoader clearThreadLocalMap
SEVERE: A web application created a ThreadLocal with key of type [org.springframework.core.NamedThreadLocal] (value [XML bean definition resources currently being loaded]) and a value of type [null] (value [null]) but failed to remove it when the web application was stopped. To prevent a memory leak, the ThreadLocal has been forcibly removed.
Feb 15, 2010 12:50:55 PM org.apache.catalina.startup.HostConfig checkResources
INFO: Reloading context [/mashbot-core]
Feb 15, 2010 12:50:55 PM org.apache.catalina.core.StandardContext stop
INFO: Container org.apache.catalina.core.ContainerBase.[Catalina].[localhost].[/mashbot-core] has not been started
Feb 15, 2010 12:50:56 PM org.springframework.web.context.ContextLoader initWebApplicationContext
INFO: Root WebApplicationContext: initialization started
Feb 15, 2010 12:50:56 PM org.springframework.context.support.AbstractApplicationContext prepareRefresh
INFO: Refreshing Root WebApplicationContext: startup date [Mon Feb 15 12:50:56 EST 2010]; root of context hierarchy
Feb 15, 2010 12:50:56 PM org.springframework.beans.factory.xml.XmlBeanDefinitionReader loadBeanDefinitions
INFO: Loading XML bean definitions from ServletContext resource [/WEB-INF/conf/applicationContext.xml]
Feb 15, 2010 12:50:56 PM org.springframework.beans.factory.xml.XmlBeanDefinitionReader loadBeanDefinitions
INFO: Loading XML bean definitions from class path resource [META-INF/cxf/cxf.xml]
Feb 15, 2010 12:50:56 PM org.springframework.web.context.ContextLoader initWebApplicationContext
SEVERE: Context initialization failed
org.springframework.beans.factory.parsing.BeanDefinitionParsingException: Configuration problem: Failed to import bean definitions from URL location [classpath:META-INF/cxf/cxf.xml]
Offending resource: ServletContext resource [/WEB-INF/conf/applicationContext.xml]; nested exception is org.springframework.beans.factory.BeanDefinitionStoreException: IOException parsing XML document from class path resource [META-INF/cxf/cxf.xml]; nested exception is java.io.FileNotFoundException: class path resource [META-INF/cxf/cxf.xml] cannot be opened because it does not exist
	at org.springframework.beans.factory.parsing.FailFastProblemReporter.error(FailFastProblemReporter.java:68)
	at org.springframework.beans.factory.parsing.ReaderContext.error(ReaderContext.java:85)
	at org.springframework.beans.factory.parsing.ReaderContext.error(ReaderContext.java:76)
	at org.springframework.beans.factory.xml.DefaultBeanDefinitionDocumentReader.importBeanDefinitionResource(DefaultBeanDefinitionDocumentReader.java:193)
	at org.springframework.beans.factory.xml.DefaultBeanDefinitionDocumentReader.parseDefaultElement(DefaultBeanDefinitionDocumentReader.java:148)
	at org.springframework.beans.factory.xml.DefaultBeanDefinitionDocumentReader.parseBeanDefinitions(DefaultBeanDefinitionDocumentReader.java:133)
	at org.springframework.beans.factory.xml.DefaultBeanDefinitionDocumentReader.registerBeanDefinitions(DefaultBeanDefinitionDocumentReader.java:93)
	at org.springframework.beans.factory.xml.XmlBeanDefinitionReader.registerBeanDefinitions(XmlBeanDefinitionReader.java:493)
	at org.springframework.beans.factory.xml.XmlBeanDefinitionReader.doLoadBeanDefinitions(XmlBeanDefinitionReader.java:390)
	at org.springframework.beans.factory.xml.XmlBeanDefinitionReader.loadBeanDefinitions(XmlBeanDefinitionReader.java:334)
	at org.springframework.beans.factory.xml.XmlBeanDefinitionReader.loadBeanDefinitions(XmlBeanDefinitionReader.java:302)
	at org.springframework.beans.factory.support.AbstractBeanDefinitionReader.loadBeanDefinitions(AbstractBeanDefinitionReader.java:143)
	at org.springframework.beans.factory.support.AbstractBeanDefinitionReader.loadBeanDefinitions(AbstractBeanDefinitionReader.java:178)
	at org.springframework.beans.factory.support.AbstractBeanDefinitionReader.loadBeanDefinitions(AbstractBeanDefinitionReader.java:149)
	at org.springframework.web.context.support.XmlWebApplicationContext.loadBeanDefinitions(XmlWebApplicationContext.java:124)
	at org.springframework.web.context.support.XmlWebApplicationContext.loadBeanDefinitions(XmlWebApplicationContext.java:93)
	at org.springframework.context.support.AbstractRefreshableApplicationContext.refreshBeanFactory(AbstractRefreshableApplicationContext.java:130)
	at org.springframework.context.support.AbstractApplicationContext.obtainFreshBeanFactory(AbstractApplicationContext.java:458)
	at org.springframework.context.support.AbstractApplicationContext.refresh(AbstractApplicationContext.java:388)
	at org.springframework.web.context.ContextLoader.createWebApplicationContext(ContextLoader.java:261)
	at org.springframework.web.context.ContextLoader.initWebApplicationContext(ContextLoader.java:192)
	at org.springframework.web.context.ContextLoaderListener.contextInitialized(ContextLoaderListener.java:47)
	at org.apache.catalina.core.StandardContext.listenerStart(StandardContext.java:3972)
	at org.apache.catalina.core.StandardContext.start(StandardContext.java:4467)
	at org.apache.catalina.startup.HostConfig.checkResources(HostConfig.java:1244)
	at org.apache.catalina.startup.HostConfig.check(HostConfig.java:1342)
	at org.apache.catalina.startup.HostConfig.lifecycleEvent(HostConfig.java:303)
	at org.apache.catalina.util.LifecycleSupport.fireLifecycleEvent(LifecycleSupport.java:119)
	at org.apache.catalina.core.ContainerBase.backgroundProcess(ContainerBase.java:1337)
	at org.apache.catalina.core.ContainerBase$ContainerBackgroundProcessor.processChildren(ContainerBase.java:1601)
	at org.apache.catalina.core.ContainerBase$ContainerBackgroundProcessor.processChildren(ContainerBase.java:1610)
	at org.apache.catalina.core.ContainerBase$ContainerBackgroundProcessor.run(ContainerBase.java:1590)
	at java.lang.Thread.run(Thread.java:619)
Caused by: org.springframework.beans.factory.BeanDefinitionStoreException: IOException parsing XML document from class path resource [META-INF/cxf/cxf.xml]; nested exception is java.io.FileNotFoundException: class path resource [META-INF/cxf/cxf.xml] cannot be opened because it does not exist
	at org.springframework.beans.factory.xml.XmlBeanDefinitionReader.loadBeanDefinitions(XmlBeanDefinitionReader.java:341)
	at org.springframework.beans.factory.xml.XmlBeanDefinitionReader.loadBeanDefinitions(XmlBeanDefinitionReader.java:302)
	at org.springframework.beans.factory.support.AbstractBeanDefinitionReader.loadBeanDefinitions(AbstractBeanDefinitionReader.java:143)
	at org.springframework.beans.factory.support.AbstractBeanDefinitionReader.loadBeanDefinitions(AbstractBeanDefinitionReader.java:178)
	at org.springframework.beans.factory.xml.DefaultBeanDefinitionDocumentReader.importBeanDefinitionResource(DefaultBeanDefinitionDocumentReader.java:187)
	... 29 more
Caused by: java.io.FileNotFoundException: class path resource [META-INF/cxf/cxf.xml] cannot be opened because it does not exist
	at org.springframework.core.io.ClassPathResource.getInputStream(ClassPathResource.java:141)
	at org.springframework.beans.factory.xml.XmlBeanDefinitionReader.loadBeanDefinitions(XmlBeanDefinitionReader.java:328)
	... 33 more
Feb 15, 2010 12:50:56 PM org.apache.catalina.core.StandardContext start
SEVERE: Error listenerStart
Feb 15, 2010 12:50:56 PM org.apache.catalina.core.StandardContext start
SEVERE: Context [/mashbot-core] startup failed due to previous errors
Feb 15, 2010 12:50:57 PM org.apache.catalina.loader.WebappClassLoader clearThreadLocalMap
SEVERE: A web application created a ThreadLocal with key of type [org.springframework.core.NamedThreadLocal] (value [XML bean definition resources currently being loaded]) and a value of type [null] (value [null]) but failed to remove it when the web application was stopped. To prevent a memory leak, the ThreadLocal has been forcibly removed.
Feb 15, 2010 12:52:08 PM org.apache.catalina.core.StandardContext stop
INFO: Container org.apache.catalina.core.ContainerBase.[Catalina].[localhost].[/mashbot-core] has not been started
Feb 15, 2010 12:52:16 PM org.springframework.web.context.ContextLoader initWebApplicationContext
INFO: Root WebApplicationContext: initialization started
Feb 15, 2010 12:52:16 PM org.springframework.context.support.AbstractApplicationContext prepareRefresh
INFO: Refreshing Root WebApplicationContext: startup date [Mon Feb 15 12:52:16 EST 2010]; root of context hierarchy
Feb 15, 2010 12:52:16 PM org.springframework.beans.factory.xml.XmlBeanDefinitionReader loadBeanDefinitions
INFO: Loading XML bean definitions from ServletContext resource [/WEB-INF/conf/applicationContext.xml]
Feb 15, 2010 12:52:17 PM org.springframework.beans.factory.xml.XmlBeanDefinitionReader loadBeanDefinitions
INFO: Loading XML bean definitions from class path resource [META-INF/cxf/cxf.xml]
Feb 15, 2010 12:52:17 PM org.springframework.web.context.ContextLoader initWebApplicationContext
SEVERE: Context initialization failed
org.springframework.beans.factory.parsing.BeanDefinitionParsingException: Configuration problem: Failed to import bean definitions from URL location [classpath:META-INF/cxf/cxf.xml]
Offending resource: ServletContext resource [/WEB-INF/conf/applicationContext.xml]; nested exception is org.springframework.beans.factory.BeanDefinitionStoreException: IOException parsing XML document from class path resource [META-INF/cxf/cxf.xml]; nested exception is java.io.FileNotFoundException: class path resource [META-INF/cxf/cxf.xml] cannot be opened because it does not exist
	at org.springframework.beans.factory.parsing.FailFastProblemReporter.error(FailFastProblemReporter.java:68)
	at org.springframework.beans.factory.parsing.ReaderContext.error(ReaderContext.java:85)
	at org.springframework.beans.factory.parsing.ReaderContext.error(ReaderContext.java:76)
	at org.springframework.beans.factory.xml.DefaultBeanDefinitionDocumentReader.importBeanDefinitionResource(DefaultBeanDefinitionDocumentReader.java:193)
	at org.springframework.beans.factory.xml.DefaultBeanDefinitionDocumentReader.parseDefaultElement(DefaultBeanDefinitionDocumentReader.java:148)
	at org.springframework.beans.factory.xml.DefaultBeanDefinitionDocumentReader.parseBeanDefinitions(DefaultBeanDefinitionDocumentReader.java:133)
	at org.springframework.beans.factory.xml.DefaultBeanDefinitionDocumentReader.registerBeanDefinitions(DefaultBeanDefinitionDocumentReader.java:93)
	at org.springframework.beans.factory.xml.XmlBeanDefinitionReader.registerBeanDefinitions(XmlBeanDefinitionReader.java:493)
	at org.springframework.beans.factory.xml.XmlBeanDefinitionReader.doLoadBeanDefinitions(XmlBeanDefinitionReader.java:390)
	at org.springframework.beans.factory.xml.XmlBeanDefinitionReader.loadBeanDefinitions(XmlBeanDefinitionReader.java:334)
	at org.springframework.beans.factory.xml.XmlBeanDefinitionReader.loadBeanDefinitions(XmlBeanDefinitionReader.java:302)
	at org.springframework.beans.factory.support.AbstractBeanDefinitionReader.loadBeanDefinitions(AbstractBeanDefinitionReader.java:143)
	at org.springframework.beans.factory.support.AbstractBeanDefinitionReader.loadBeanDefinitions(AbstractBeanDefinitionReader.java:178)
	at org.springframework.beans.factory.support.AbstractBeanDefinitionReader.loadBeanDefinitions(AbstractBeanDefinitionReader.java:149)
	at org.springframework.web.context.support.XmlWebApplicationContext.loadBeanDefinitions(XmlWebApplicationContext.java:124)
	at org.springframework.web.context.support.XmlWebApplicationContext.loadBeanDefinitions(XmlWebApplicationContext.java:93)
	at org.springframework.context.support.AbstractRefreshableApplicationContext.refreshBeanFactory(AbstractRefreshableApplicationContext.java:130)
	at org.springframework.context.support.AbstractApplicationContext.obtainFreshBeanFactory(AbstractApplicationContext.java:458)
	at org.springframework.context.support.AbstractApplicationContext.refresh(AbstractApplicationContext.java:388)
	at org.springframework.web.context.ContextLoader.createWebApplicationContext(ContextLoader.java:261)
	at org.springframework.web.context.ContextLoader.initWebApplicationContext(ContextLoader.java:192)
	at org.springframework.web.context.ContextLoaderListener.contextInitialized(ContextLoaderListener.java:47)
	at org.apache.catalina.core.StandardContext.listenerStart(StandardContext.java:3972)
	at org.apache.catalina.core.StandardContext.start(StandardContext.java:4467)
	at org.apache.catalina.manager.ManagerServlet.start(ManagerServlet.java:1251)
	at org.apache.catalina.manager.ManagerServlet.doGet(ManagerServlet.java:377)
	at javax.servlet.http.HttpServlet.service(HttpServlet.java:617)
	at javax.servlet.http.HttpServlet.service(HttpServlet.java:717)
	at org.apache.catalina.core.ApplicationFilterChain.internalDoFilter(ApplicationFilterChain.java:290)
	at org.apache.catalina.core.ApplicationFilterChain.doFilter(ApplicationFilterChain.java:206)
	at org.apache.catalina.core.StandardWrapperValve.invoke(StandardWrapperValve.java:233)
	at org.apache.catalina.core.StandardContextValve.invoke(StandardContextValve.java:191)
	at org.apache.catalina.authenticator.AuthenticatorBase.invoke(AuthenticatorBase.java:558)
	at org.apache.catalina.core.StandardHostValve.invoke(StandardHostValve.java:127)
	at org.apache.catalina.valves.ErrorReportValve.invoke(ErrorReportValve.java:102)
	at org.apache.catalina.core.StandardEngineValve.invoke(StandardEngineValve.java:109)
	at org.apache.catalina.connector.CoyoteAdapter.service(CoyoteAdapter.java:298)
	at org.apache.coyote.http11.Http11Processor.process(Http11Processor.java:852)
	at org.apache.coyote.http11.Http11Protocol$Http11ConnectionHandler.process(Http11Protocol.java:588)
	at org.apache.tomcat.util.net.JIoEndpoint$Worker.run(JIoEndpoint.java:489)
	at java.lang.Thread.run(Thread.java:619)
Caused by: org.springframework.beans.factory.BeanDefinitionStoreException: IOException parsing XML document from class path resource [META-INF/cxf/cxf.xml]; nested exception is java.io.FileNotFoundException: class path resource [META-INF/cxf/cxf.xml] cannot be opened because it does not exist
	at org.springframework.beans.factory.xml.XmlBeanDefinitionReader.loadBeanDefinitions(XmlBeanDefinitionReader.java:341)
	at org.springframework.beans.factory.xml.XmlBeanDefinitionReader.loadBeanDefinitions(XmlBeanDefinitionReader.java:302)
	at org.springframework.beans.factory.support.AbstractBeanDefinitionReader.loadBeanDefinitions(AbstractBeanDefinitionReader.java:143)
	at org.springframework.beans.factory.support.AbstractBeanDefinitionReader.loadBeanDefinitions(AbstractBeanDefinitionReader.java:178)
	at org.springframework.beans.factory.xml.DefaultBeanDefinitionDocumentReader.importBeanDefinitionResource(DefaultBeanDefinitionDocumentReader.java:187)
	... 37 more
Caused by: java.io.FileNotFoundException: class path resource [META-INF/cxf/cxf.xml] cannot be opened because it does not exist
	at org.springframework.core.io.ClassPathResource.getInputStream(ClassPathResource.java:141)
	at org.springframework.beans.factory.xml.XmlBeanDefinitionReader.loadBeanDefinitions(XmlBeanDefinitionReader.java:328)
	... 41 more
Feb 15, 2010 12:52:17 PM org.apache.catalina.core.StandardContext start
SEVERE: Error listenerStart
Feb 15, 2010 12:52:17 PM org.apache.catalina.core.StandardContext start
SEVERE: Context [/mashbot-core] startup failed due to previous errors
Feb 15, 2010 12:52:17 PM org.apache.catalina.loader.WebappClassLoader clearThreadLocalMap
SEVERE: A web application created a ThreadLocal with key of type [org.springframework.core.NamedThreadLocal] (value [XML bean definition resources currently being loaded]) and a value of type [null] (value [null]) but failed to remove it when the web application was stopped. To prevent a memory leak, the ThreadLocal has been forcibly removed.
Feb 15, 2010 12:53:51 PM org.springframework.web.context.ContextLoader initWebApplicationContext
INFO: Root WebApplicationContext: initialization started
Feb 15, 2010 12:53:51 PM org.springframework.context.support.AbstractApplicationContext prepareRefresh
INFO: Refreshing Root WebApplicationContext: startup date [Mon Feb 15 12:53:51 EST 2010]; root of context hierarchy
Feb 15, 2010 12:53:51 PM org.springframework.beans.factory.xml.XmlBeanDefinitionReader loadBeanDefinitions
INFO: Loading XML bean definitions from ServletContext resource [/WEB-INF/conf/applicationContext.xml]
Feb 15, 2010 12:53:52 PM org.springframework.beans.factory.xml.XmlBeanDefinitionReader loadBeanDefinitions
INFO: Loading XML bean definitions from class path resource [META-INF/cxf/cxf.xml]
Feb 15, 2010 12:53:52 PM org.springframework.web.context.ContextLoader initWebApplicationContext
SEVERE: Context initialization failed
org.springframework.beans.factory.parsing.BeanDefinitionParsingException: Configuration problem: Failed to import bean definitions from URL location [classpath:META-INF/cxf/cxf.xml]
Offending resource: ServletContext resource [/WEB-INF/conf/applicationContext.xml]; nested exception is org.springframework.beans.factory.BeanDefinitionStoreException: IOException parsing XML document from class path resource [META-INF/cxf/cxf.xml]; nested exception is java.io.FileNotFoundException: class path resource [META-INF/cxf/cxf.xml] cannot be opened because it does not exist
	at org.springframework.beans.factory.parsing.FailFastProblemReporter.error(FailFastProblemReporter.java:68)
	at org.springframework.beans.factory.parsing.ReaderContext.error(ReaderContext.java:85)
	at org.springframework.beans.factory.parsing.ReaderContext.error(ReaderContext.java:76)
	at org.springframework.beans.factory.xml.DefaultBeanDefinitionDocumentReader.importBeanDefinitionResource(DefaultBeanDefinitionDocumentReader.java:193)
	at org.springframework.beans.factory.xml.DefaultBeanDefinitionDocumentReader.parseDefaultElement(DefaultBeanDefinitionDocumentReader.java:148)
	at org.springframework.beans.factory.xml.DefaultBeanDefinitionDocumentReader.parseBeanDefinitions(DefaultBeanDefinitionDocumentReader.java:133)
	at org.springframework.beans.factory.xml.DefaultBeanDefinitionDocumentReader.registerBeanDefinitions(DefaultBeanDefinitionDocumentReader.java:93)
	at org.springframework.beans.factory.xml.XmlBeanDefinitionReader.registerBeanDefinitions(XmlBeanDefinitionReader.java:493)
	at org.springframework.beans.factory.xml.XmlBeanDefinitionReader.doLoadBeanDefinitions(XmlBeanDefinitionReader.java:390)
	at org.springframework.beans.factory.xml.XmlBeanDefinitionReader.loadBeanDefinitions(XmlBeanDefinitionReader.java:334)
	at org.springframework.beans.factory.xml.XmlBeanDefinitionReader.loadBeanDefinitions(XmlBeanDefinitionReader.java:302)
	at org.springframework.beans.factory.support.AbstractBeanDefinitionReader.loadBeanDefinitions(AbstractBeanDefinitionReader.java:143)
	at org.springframework.beans.factory.support.AbstractBeanDefinitionReader.loadBeanDefinitions(AbstractBeanDefinitionReader.java:178)
	at org.springframework.beans.factory.support.AbstractBeanDefinitionReader.loadBeanDefinitions(AbstractBeanDefinitionReader.java:149)
	at org.springframework.web.context.support.XmlWebApplicationContext.loadBeanDefinitions(XmlWebApplicationContext.java:124)
	at org.springframework.web.context.support.XmlWebApplicationContext.loadBeanDefinitions(XmlWebApplicationContext.java:93)
	at org.springframework.context.support.AbstractRefreshableApplicationContext.refreshBeanFactory(AbstractRefreshableApplicationContext.java:130)
	at org.springframework.context.support.AbstractApplicationContext.obtainFreshBeanFactory(AbstractApplicationContext.java:458)
	at org.springframework.context.support.AbstractApplicationContext.refresh(AbstractApplicationContext.java:388)
	at org.springframework.web.context.ContextLoader.createWebApplicationContext(ContextLoader.java:261)
	at org.springframework.web.context.ContextLoader.initWebApplicationContext(ContextLoader.java:192)
	at org.springframework.web.context.ContextLoaderListener.contextInitialized(ContextLoaderListener.java:47)
	at org.apache.catalina.core.StandardContext.listenerStart(StandardContext.java:3972)
	at org.apache.catalina.core.StandardContext.start(StandardContext.java:4467)
	at org.apache.catalina.manager.ManagerServlet.start(ManagerServlet.java:1251)
	at org.apache.catalina.manager.ManagerServlet.doGet(ManagerServlet.java:377)
	at javax.servlet.http.HttpServlet.service(HttpServlet.java:617)
	at javax.servlet.http.HttpServlet.service(HttpServlet.java:717)
	at org.apache.catalina.core.ApplicationFilterChain.internalDoFilter(ApplicationFilterChain.java:290)
	at org.apache.catalina.core.ApplicationFilterChain.doFilter(ApplicationFilterChain.java:206)
	at org.apache.catalina.core.StandardWrapperValve.invoke(StandardWrapperValve.java:233)
	at org.apache.catalina.core.StandardContextValve.invoke(StandardContextValve.java:191)
	at org.apache.catalina.authenticator.AuthenticatorBase.invoke(AuthenticatorBase.java:558)
	at org.apache.catalina.core.StandardHostValve.invoke(StandardHostValve.java:127)
	at org.apache.catalina.valves.ErrorReportValve.invoke(ErrorReportValve.java:102)
	at org.apache.catalina.core.StandardEngineValve.invoke(StandardEngineValve.java:109)
	at org.apache.catalina.connector.CoyoteAdapter.service(CoyoteAdapter.java:298)
	at org.apache.coyote.http11.Http11Processor.process(Http11Processor.java:852)
	at org.apache.coyote.http11.Http11Protocol$Http11ConnectionHandler.process(Http11Protocol.java:588)
	at org.apache.tomcat.util.net.JIoEndpoint$Worker.run(JIoEndpoint.java:489)
	at java.lang.Thread.run(Thread.java:619)
Caused by: org.springframework.beans.factory.BeanDefinitionStoreException: IOException parsing XML document from class path resource [META-INF/cxf/cxf.xml]; nested exception is java.io.FileNotFoundException: class path resource [META-INF/cxf/cxf.xml] cannot be opened because it does not exist
	at org.springframework.beans.factory.xml.XmlBeanDefinitionReader.loadBeanDefinitions(XmlBeanDefinitionReader.java:341)
	at org.springframework.beans.factory.xml.XmlBeanDefinitionReader.loadBeanDefinitions(XmlBeanDefinitionReader.java:302)
	at org.springframework.beans.factory.support.AbstractBeanDefinitionReader.loadBeanDefinitions(AbstractBeanDefinitionReader.java:143)
	at org.springframework.beans.factory.support.AbstractBeanDefinitionReader.loadBeanDefinitions(AbstractBeanDefinitionReader.java:178)
	at org.springframework.beans.factory.xml.DefaultBeanDefinitionDocumentReader.importBeanDefinitionResource(DefaultBeanDefinitionDocumentReader.java:187)
	... 37 more
Caused by: java.io.FileNotFoundException: class path resource [META-INF/cxf/cxf.xml] cannot be opened because it does not exist
	at org.springframework.core.io.ClassPathResource.getInputStream(ClassPathResource.java:141)
	at org.springframework.beans.factory.xml.XmlBeanDefinitionReader.loadBeanDefinitions(XmlBeanDefinitionReader.java:328)
	... 41 more
Feb 15, 2010 12:53:52 PM org.apache.catalina.core.StandardContext start
SEVERE: Error listenerStart
Feb 15, 2010 12:53:52 PM org.apache.catalina.core.StandardContext start
SEVERE: Context [/mashbot-core] startup failed due to previous errors
Feb 15, 2010 12:53:52 PM org.apache.catalina.loader.WebappClassLoader clearThreadLocalMap
SEVERE: A web application created a ThreadLocal with key of type [org.springframework.core.NamedThreadLocal] (value [XML bean definition resources currently being loaded]) and a value of type [null] (value [null]) but failed to remove it when the web application was stopped. To prevent a memory leak, the ThreadLocal has been forcibly removed.
Feb 15, 2010 12:53:59 PM org.apache.catalina.core.StandardContext stop
INFO: Container org.apache.catalina.core.ContainerBase.[Catalina].[localhost].[/mashbot-core] has not been started
Feb 15, 2010 12:54:01 PM org.springframework.web.context.ContextLoader initWebApplicationContext
INFO: Root WebApplicationContext: initialization started
Feb 15, 2010 12:54:01 PM org.springframework.context.support.AbstractApplicationContext prepareRefresh
INFO: Refreshing Root WebApplicationContext: startup date [Mon Feb 15 12:54:01 EST 2010]; root of context hierarchy
Feb 15, 2010 12:54:02 PM org.springframework.beans.factory.xml.XmlBeanDefinitionReader loadBeanDefinitions
INFO: Loading XML bean definitions from ServletContext resource [/WEB-INF/conf/applicationContext.xml]
Feb 15, 2010 12:54:02 PM org.springframework.beans.factory.xml.XmlBeanDefinitionReader loadBeanDefinitions
INFO: Loading XML bean definitions from class path resource [META-INF/cxf/cxf.xml]
Feb 15, 2010 12:54:02 PM org.springframework.web.context.ContextLoader initWebApplicationContext
SEVERE: Context initialization failed
org.springframework.beans.factory.parsing.BeanDefinitionParsingException: Configuration problem: Failed to import bean definitions from URL location [classpath:META-INF/cxf/cxf.xml]
Offending resource: ServletContext resource [/WEB-INF/conf/applicationContext.xml]; nested exception is org.springframework.beans.factory.BeanDefinitionStoreException: IOException parsing XML document from class path resource [META-INF/cxf/cxf.xml]; nested exception is java.io.FileNotFoundException: class path resource [META-INF/cxf/cxf.xml] cannot be opened because it does not exist
	at org.springframework.beans.factory.parsing.FailFastProblemReporter.error(FailFastProblemReporter.java:68)
	at org.springframework.beans.factory.parsing.ReaderContext.error(ReaderContext.java:85)
	at org.springframework.beans.factory.parsing.ReaderContext.error(ReaderContext.java:76)
	at org.springframework.beans.factory.xml.DefaultBeanDefinitionDocumentReader.importBeanDefinitionResource(DefaultBeanDefinitionDocumentReader.java:193)
	at org.springframework.beans.factory.xml.DefaultBeanDefinitionDocumentReader.parseDefaultElement(DefaultBeanDefinitionDocumentReader.java:148)
	at org.springframework.beans.factory.xml.DefaultBeanDefinitionDocumentReader.parseBeanDefinitions(DefaultBeanDefinitionDocumentReader.java:133)
	at org.springframework.beans.factory.xml.DefaultBeanDefinitionDocumentReader.registerBeanDefinitions(DefaultBeanDefinitionDocumentReader.java:93)
	at org.springframework.beans.factory.xml.XmlBeanDefinitionReader.registerBeanDefinitions(XmlBeanDefinitionReader.java:493)
	at org.springframework.beans.factory.xml.XmlBeanDefinitionReader.doLoadBeanDefinitions(XmlBeanDefinitionReader.java:390)
	at org.springframework.beans.factory.xml.XmlBeanDefinitionReader.loadBeanDefinitions(XmlBeanDefinitionReader.java:334)
	at org.springframework.beans.factory.xml.XmlBeanDefinitionReader.loadBeanDefinitions(XmlBeanDefinitionReader.java:302)
	at org.springframework.beans.factory.support.AbstractBeanDefinitionReader.loadBeanDefinitions(AbstractBeanDefinitionReader.java:143)
	at org.springframework.beans.factory.support.AbstractBeanDefinitionReader.loadBeanDefinitions(AbstractBeanDefinitionReader.java:178)
	at org.springframework.beans.factory.support.AbstractBeanDefinitionReader.loadBeanDefinitions(AbstractBeanDefinitionReader.java:149)
	at org.springframework.web.context.support.XmlWebApplicationContext.loadBeanDefinitions(XmlWebApplicationContext.java:124)
	at org.springframework.web.context.support.XmlWebApplicationContext.loadBeanDefinitions(XmlWebApplicationContext.java:93)
	at org.springframework.context.support.AbstractRefreshableApplicationContext.refreshBeanFactory(AbstractRefreshableApplicationContext.java:130)
	at org.springframework.context.support.AbstractApplicationContext.obtainFreshBeanFactory(AbstractApplicationContext.java:458)
	at org.springframework.context.support.AbstractApplicationContext.refresh(AbstractApplicationContext.java:388)
	at org.springframework.web.context.ContextLoader.createWebApplicationContext(ContextLoader.java:261)
	at org.springframework.web.context.ContextLoader.initWebApplicationContext(ContextLoader.java:192)
	at org.springframework.web.context.ContextLoaderListener.contextInitialized(ContextLoaderListener.java:47)
	at org.apache.catalina.core.StandardContext.listenerStart(StandardContext.java:3972)
	at org.apache.catalina.core.StandardContext.start(StandardContext.java:4467)
	at org.apache.catalina.manager.ManagerServlet.start(ManagerServlet.java:1251)
	at org.apache.catalina.manager.ManagerServlet.doGet(ManagerServlet.java:377)
	at javax.servlet.http.HttpServlet.service(HttpServlet.java:617)
	at javax.servlet.http.HttpServlet.service(HttpServlet.java:717)
	at org.apache.catalina.core.ApplicationFilterChain.internalDoFilter(ApplicationFilterChain.java:290)
	at org.apache.catalina.core.ApplicationFilterChain.doFilter(ApplicationFilterChain.java:206)
	at org.apache.catalina.core.StandardWrapperValve.invoke(StandardWrapperValve.java:233)
	at org.apache.catalina.core.StandardContextValve.invoke(StandardContextValve.java:191)
	at org.apache.catalina.authenticator.AuthenticatorBase.invoke(AuthenticatorBase.java:558)
	at org.apache.catalina.core.StandardHostValve.invoke(StandardHostValve.java:127)
	at org.apache.catalina.valves.ErrorReportValve.invoke(ErrorReportValve.java:102)
	at org.apache.catalina.core.StandardEngineValve.invoke(StandardEngineValve.java:109)
	at org.apache.catalina.connector.CoyoteAdapter.service(CoyoteAdapter.java:298)
	at org.apache.coyote.http11.Http11Processor.process(Http11Processor.java:852)
	at org.apache.coyote.http11.Http11Protocol$Http11ConnectionHandler.process(Http11Protocol.java:588)
	at org.apache.tomcat.util.net.JIoEndpoint$Worker.run(JIoEndpoint.java:489)
	at java.lang.Thread.run(Thread.java:619)
Caused by: org.springframework.beans.factory.BeanDefinitionStoreException: IOException parsing XML document from class path resource [META-INF/cxf/cxf.xml]; nested exception is java.io.FileNotFoundException: class path resource [META-INF/cxf/cxf.xml] cannot be opened because it does not exist
	at org.springframework.beans.factory.xml.XmlBeanDefinitionReader.loadBeanDefinitions(XmlBeanDefinitionReader.java:341)
	at org.springframework.beans.factory.xml.XmlBeanDefinitionReader.loadBeanDefinitions(XmlBeanDefinitionReader.java:302)
	at org.springframework.beans.factory.support.AbstractBeanDefinitionReader.loadBeanDefinitions(AbstractBeanDefinitionReader.java:143)
	at org.springframework.beans.factory.support.AbstractBeanDefinitionReader.loadBeanDefinitions(AbstractBeanDefinitionReader.java:178)
	at org.springframework.beans.factory.xml.DefaultBeanDefinitionDocumentReader.importBeanDefinitionResource(DefaultBeanDefinitionDocumentReader.java:187)
	... 37 more
Caused by: java.io.FileNotFoundException: class path resource [META-INF/cxf/cxf.xml] cannot be opened because it does not exist
	at org.springframework.core.io.ClassPathResource.getInputStream(ClassPathResource.java:141)
	at org.springframework.beans.factory.xml.XmlBeanDefinitionReader.loadBeanDefinitions(XmlBeanDefinitionReader.java:328)
	... 41 more
Feb 15, 2010 12:54:02 PM org.apache.catalina.core.StandardContext start
SEVERE: Error listenerStart
Feb 15, 2010 12:54:02 PM org.apache.catalina.core.StandardContext start
SEVERE: Context [/mashbot-core] startup failed due to previous errors
Feb 15, 2010 12:54:02 PM org.apache.catalina.loader.WebappClassLoader clearThreadLocalMap
SEVERE: A web application created a ThreadLocal with key of type [org.springframework.core.NamedThreadLocal] (value [XML bean definition resources currently being loaded]) and a value of type [null] (value [null]) but failed to remove it when the web application was stopped. To prevent a memory leak, the ThreadLocal has been forcibly removed.
Feb 18, 2010 3:28:14 PM org.apache.coyote.http11.Http11Protocol pause
INFO: Pausing Coyote HTTP/1.1 on http-8080
Mar 1, 2010 1:44:20 PM org.apache.catalina.core.AprLifecycleListener init
INFO: The APR based Apache Tomcat Native library which allows optimal performance in production environments was not found on the java.library.path: /usr/lib/jvm/java-6-openjdk/jre/lib/i386/server:/usr/lib/jvm/java-6-openjdk/jre/lib/i386:/usr/lib/jvm/java-6-openjdk/jre/../lib/i386:/usr/java/packages/lib/i386:/usr/lib/jni:/lib:/usr/lib
Mar 1, 2010 1:44:21 PM org.apache.coyote.http11.Http11Protocol init
INFO: Initializing Coyote HTTP/1.1 on http-8123
Mar 1, 2010 1:44:21 PM org.apache.catalina.startup.Catalina load
INFO: Initialization processed in 1714 ms
Mar 1, 2010 1:44:21 PM org.apache.catalina.core.StandardService start
INFO: Starting service Catalina
Mar 1, 2010 1:44:21 PM org.apache.catalina.core.StandardEngine start
INFO: Starting Servlet Engine: Apache Tomcat/6.0.24
Mar 1, 2010 1:44:21 PM org.apache.catalina.startup.HostConfig deployDescriptor
INFO: Deploying configuration descriptor host-manager.xml
Mar 1, 2010 1:44:21 PM org.apache.catalina.startup.HostConfig deployDescriptor
INFO: Deploying configuration descriptor manager.xml
Mar 1, 2010 1:44:21 PM org.apache.catalina.startup.HostConfig deployWAR
INFO: Deploying web application archive mashbot-core.war
Mar 1, 2010 1:44:22 PM org.springframework.web.context.ContextLoader initWebApplicationContext
INFO: Root WebApplicationContext: initialization started
Mar 1, 2010 1:44:22 PM org.springframework.context.support.AbstractApplicationContext prepareRefresh
INFO: Refreshing Root WebApplicationContext: startup date [Mon Mar 01 13:44:22 PST 2010]; root of context hierarchy
Mar 1, 2010 1:44:22 PM org.springframework.beans.factory.xml.XmlBeanDefinitionReader loadBeanDefinitions
INFO: Loading XML bean definitions from ServletContext resource [/WEB-INF/conf/applicationContext.xml]
Mar 1, 2010 1:44:27 PM org.springframework.beans.factory.xml.XmlBeanDefinitionReader loadBeanDefinitions
INFO: Loading XML bean definitions from class path resource [META-INF/cxf/cxf.xml]
Mar 1, 2010 1:44:27 PM org.springframework.web.context.ContextLoader initWebApplicationContext
SEVERE: Context initialization failed
org.springframework.beans.factory.parsing.BeanDefinitionParsingException: Configuration problem: Failed to import bean definitions from URL location [classpath:META-INF/cxf/cxf.xml]
Offending resource: ServletContext resource [/WEB-INF/conf/applicationContext.xml]; nested exception is org.springframework.beans.factory.BeanDefinitionStoreException: IOException parsing XML document from class path resource [META-INF/cxf/cxf.xml]; nested exception is java.io.FileNotFoundException: class path resource [META-INF/cxf/cxf.xml] cannot be opened because it does not exist
	at org.springframework.beans.factory.parsing.FailFastProblemReporter.error(FailFastProblemReporter.java:68)
	at org.springframework.beans.factory.parsing.ReaderContext.error(ReaderContext.java:85)
	at org.springframework.beans.factory.parsing.ReaderContext.error(ReaderContext.java:76)
	at org.springframework.beans.factory.xml.DefaultBeanDefinitionDocumentReader.importBeanDefinitionResource(DefaultBeanDefinitionDocumentReader.java:193)
	at org.springframework.beans.factory.xml.DefaultBeanDefinitionDocumentReader.parseDefaultElement(DefaultBeanDefinitionDocumentReader.java:148)
	at org.springframework.beans.factory.xml.DefaultBeanDefinitionDocumentReader.parseBeanDefinitions(DefaultBeanDefinitionDocumentReader.java:133)
	at org.springframework.beans.factory.xml.DefaultBeanDefinitionDocumentReader.registerBeanDefinitions(DefaultBeanDefinitionDocumentReader.java:93)
	at org.springframework.beans.factory.xml.XmlBeanDefinitionReader.registerBeanDefinitions(XmlBeanDefinitionReader.java:493)
	at org.springframework.beans.factory.xml.XmlBeanDefinitionReader.doLoadBeanDefinitions(XmlBeanDefinitionReader.java:390)
	at org.springframework.beans.factory.xml.XmlBeanDefinitionReader.loadBeanDefinitions(XmlBeanDefinitionReader.java:334)
	at org.springframework.beans.factory.xml.XmlBeanDefinitionReader.loadBeanDefinitions(XmlBeanDefinitionReader.java:302)
	at org.springframework.beans.factory.support.AbstractBeanDefinitionReader.loadBeanDefinitions(AbstractBeanDefinitionReader.java:143)
	at org.springframework.beans.factory.support.AbstractBeanDefinitionReader.loadBeanDefinitions(AbstractBeanDefinitionReader.java:178)
	at org.springframework.beans.factory.support.AbstractBeanDefinitionReader.loadBeanDefinitions(AbstractBeanDefinitionReader.java:149)
	at org.springframework.web.context.support.XmlWebApplicationContext.loadBeanDefinitions(XmlWebApplicationContext.java:124)
	at org.springframework.web.context.support.XmlWebApplicationContext.loadBeanDefinitions(XmlWebApplicationContext.java:93)
	at org.springframework.context.support.AbstractRefreshableApplicationContext.refreshBeanFactory(AbstractRefreshableApplicationContext.java:130)
	at org.springframework.context.support.AbstractApplicationContext.obtainFreshBeanFactory(AbstractApplicationContext.java:458)
	at org.springframework.context.support.AbstractApplicationContext.refresh(AbstractApplicationContext.java:388)
	at org.springframework.web.context.ContextLoader.createWebApplicationContext(ContextLoader.java:261)
	at org.springframework.web.context.ContextLoader.initWebApplicationContext(ContextLoader.java:192)
	at org.springframework.web.context.ContextLoaderListener.contextInitialized(ContextLoaderListener.java:47)
	at org.apache.catalina.core.StandardContext.listenerStart(StandardContext.java:3972)
	at org.apache.catalina.core.StandardContext.start(StandardContext.java:4467)
	at org.apache.catalina.core.ContainerBase.addChildInternal(ContainerBase.java:791)
	at org.apache.catalina.core.ContainerBase.addChild(ContainerBase.java:771)
	at org.apache.catalina.core.StandardHost.addChild(StandardHost.java:526)
	at org.apache.catalina.startup.HostConfig.deployWAR(HostConfig.java:905)
	at org.apache.catalina.startup.HostConfig.deployWARs(HostConfig.java:740)
	at org.apache.catalina.startup.HostConfig.deployApps(HostConfig.java:500)
	at org.apache.catalina.startup.HostConfig.start(HostConfig.java:1277)
	at org.apache.catalina.startup.HostConfig.lifecycleEvent(HostConfig.java:321)
	at org.apache.catalina.util.LifecycleSupport.fireLifecycleEvent(LifecycleSupport.java:119)
	at org.apache.catalina.core.ContainerBase.start(ContainerBase.java:1053)
	at org.apache.catalina.core.StandardHost.start(StandardHost.java:722)
	at org.apache.catalina.core.ContainerBase.start(ContainerBase.java:1045)
	at org.apache.catalina.core.StandardEngine.start(StandardEngine.java:443)
	at org.apache.catalina.core.StandardService.start(StandardService.java:516)
	at org.apache.catalina.core.StandardServer.start(StandardServer.java:710)
	at org.apache.catalina.startup.Catalina.start(Catalina.java:593)
	at sun.reflect.NativeMethodAccessorImpl.invoke0(Native Method)
	at sun.reflect.NativeMethodAccessorImpl.invoke(NativeMethodAccessorImpl.java:57)
	at sun.reflect.DelegatingMethodAccessorImpl.invoke(DelegatingMethodAccessorImpl.java:43)
	at java.lang.reflect.Method.invoke(Method.java:616)
	at org.apache.catalina.startup.Bootstrap.start(Bootstrap.java:289)
	at org.apache.catalina.startup.Bootstrap.main(Bootstrap.java:414)
Caused by: org.springframework.beans.factory.BeanDefinitionStoreException: IOException parsing XML document from class path resource [META-INF/cxf/cxf.xml]; nested exception is java.io.FileNotFoundException: class path resource [META-INF/cxf/cxf.xml] cannot be opened because it does not exist
	at org.springframework.beans.factory.xml.XmlBeanDefinitionReader.loadBeanDefinitions(XmlBeanDefinitionReader.java:341)
	at org.springframework.beans.factory.xml.XmlBeanDefinitionReader.loadBeanDefinitions(XmlBeanDefinitionReader.java:302)
	at org.springframework.beans.factory.support.AbstractBeanDefinitionReader.loadBeanDefinitions(AbstractBeanDefinitionReader.java:143)
	at org.springframework.beans.factory.support.AbstractBeanDefinitionReader.loadBeanDefinitions(AbstractBeanDefinitionReader.java:178)
	at org.springframework.beans.factory.xml.DefaultBeanDefinitionDocumentReader.importBeanDefinitionResource(DefaultBeanDefinitionDocumentReader.java:187)
	... 42 more
Caused by: java.io.FileNotFoundException: class path resource [META-INF/cxf/cxf.xml] cannot be opened because it does not exist
	at org.springframework.core.io.ClassPathResource.getInputStream(ClassPathResource.java:141)
	at org.springframework.beans.factory.xml.XmlBeanDefinitionReader.loadBeanDefinitions(XmlBeanDefinitionReader.java:328)
	... 46 more
Mar 1, 2010 1:44:27 PM org.apache.catalina.core.StandardContext start
SEVERE: Error listenerStart
Mar 1, 2010 1:44:27 PM org.apache.catalina.core.StandardContext start
SEVERE: Context [/mashbot-core] startup failed due to previous errors
Mar 1, 2010 1:44:28 PM org.apache.catalina.loader.WebappClassLoader clearThreadLocalMap
SEVERE: A web application created a ThreadLocal with key of type [org.springframework.core.NamedThreadLocal] (value [XML bean definition resources currently being loaded]) and a value of type [null] (value [null]) but failed to remove it when the web application was stopped. To prevent a memory leak, the ThreadLocal has been forcibly removed.
Mar 1, 2010 1:44:28 PM org.apache.catalina.startup.HostConfig deployDirectory
INFO: Deploying web application directory ROOT
Mar 1, 2010 1:44:28 PM org.apache.catalina.startup.HostConfig deployDirectory
INFO: Deploying web application directory springapp
Mar 1, 2010 1:44:28 PM org.apache.catalina.startup.HostConfig deployDirectory
INFO: Deploying web application directory examples
Mar 1, 2010 1:44:28 PM org.apache.catalina.startup.HostConfig deployDirectory
INFO: Deploying web application directory docs
Mar 1, 2010 1:44:28 PM org.apache.coyote.http11.Http11Protocol start
INFO: Starting Coyote HTTP/1.1 on http-8123
Mar 1, 2010 1:44:29 PM org.apache.jk.common.ChannelSocket init
INFO: JK: ajp13 listening on /0.0.0.0:8009
Mar 1, 2010 1:44:29 PM org.apache.jk.server.JkMain start
INFO: Jk running ID=0 time=0/45  config=null
Mar 1, 2010 1:44:29 PM org.apache.catalina.startup.Catalina start
INFO: Server startup in 8086 ms
Mar 1, 2010 1:44:38 PM org.apache.catalina.startup.HostConfig checkResources
INFO: Reloading context [/mashbot-core]
Mar 1, 2010 1:44:38 PM org.apache.catalina.core.StandardContext stop
INFO: Container org.apache.catalina.core.ContainerBase.[Catalina].[localhost].[/mashbot-core] has not been started
Mar 1, 2010 1:44:39 PM org.springframework.web.servlet.FrameworkServlet initServletBean
INFO: FrameworkServlet 'mashbot-core': initialization started
Mar 1, 2010 1:44:39 PM org.springframework.context.support.AbstractApplicationContext prepareRefresh
INFO: Refreshing WebApplicationContext for namespace 'mashbot-core-servlet': startup date [Mon Mar 01 13:44:39 PST 2010]; root of context hierarchy
Mar 1, 2010 1:44:39 PM org.springframework.beans.factory.xml.XmlBeanDefinitionReader loadBeanDefinitions
INFO: Loading XML bean definitions from ServletContext resource [/WEB-INF/mashbot-core-servlet.xml]
Mar 1, 2010 1:44:39 PM org.springframework.beans.factory.support.DefaultListableBeanFactory preInstantiateSingletons
INFO: Pre-instantiating singletons in org.springframework.beans.factory.support.DefaultListableBeanFactory@d964af: defining beans [/hello.htm]; root of factory hierarchy
Mar 1, 2010 1:44:39 PM org.springframework.web.servlet.handler.AbstractUrlHandlerMapping registerHandler
INFO: Mapped URL path [/hello.htm] onto handler [org.mashbot.server.web.HelloController@d337d3]
Mar 1, 2010 1:44:40 PM org.springframework.web.servlet.FrameworkServlet initServletBean
INFO: FrameworkServlet 'mashbot-core': initialization completed in 835 ms
Mar 1, 2010 1:47:01 PM org.apache.coyote.http11.Http11Protocol pause
INFO: Pausing Coyote HTTP/1.1 on http-8123
Mar 1, 2010 1:47:02 PM org.apache.catalina.core.StandardService stop
INFO: Stopping service Catalina
Mar 1, 2010 1:47:02 PM org.springframework.context.support.AbstractApplicationContext doClose
INFO: Closing WebApplicationContext for namespace 'mashbot-core-servlet': startup date [Mon Mar 01 13:44:39 PST 2010]; root of context hierarchy
Mar 1, 2010 1:47:02 PM org.springframework.beans.factory.support.DefaultSingletonBeanRegistry destroySingletons
INFO: Destroying singletons in org.springframework.beans.factory.support.DefaultListableBeanFactory@d964af: defining beans [/hello.htm]; root of factory hierarchy
Mar 1, 2010 1:47:02 PM org.apache.coyote.http11.Http11Protocol destroy
INFO: Stopping Coyote HTTP/1.1 on http-8123
Mar 1, 2010 1:47:07 PM org.apache.catalina.core.AprLifecycleListener init
INFO: The APR based Apache Tomcat Native library which allows optimal performance in production environments was not found on the java.library.path: /usr/lib/jvm/java-6-openjdk/jre/lib/i386/server:/usr/lib/jvm/java-6-openjdk/jre/lib/i386:/usr/lib/jvm/java-6-openjdk/jre/../lib/i386:/usr/java/packages/lib/i386:/usr/lib/jni:/lib:/usr/lib
Mar 1, 2010 1:47:08 PM org.apache.coyote.http11.Http11Protocol init
INFO: Initializing Coyote HTTP/1.1 on http-8123
Mar 1, 2010 1:47:08 PM org.apache.catalina.startup.Catalina load
INFO: Initialization processed in 1049 ms
Mar 1, 2010 1:47:08 PM org.apache.catalina.core.StandardService start
INFO: Starting service Catalina
Mar 1, 2010 1:47:08 PM org.apache.catalina.core.StandardEngine start
INFO: Starting Servlet Engine: Apache Tomcat/6.0.24
Mar 1, 2010 1:47:08 PM org.apache.catalina.startup.HostConfig deployDescriptor
INFO: Deploying configuration descriptor host-manager.xml
Mar 1, 2010 1:47:08 PM org.apache.catalina.startup.HostConfig deployDescriptor
INFO: Deploying configuration descriptor manager.xml
Mar 1, 2010 1:47:08 PM org.apache.catalina.startup.HostConfig deployWAR
INFO: Deploying web application archive mashbot-core.war
Mar 1, 2010 1:47:09 PM org.springframework.web.servlet.FrameworkServlet initServletBean
INFO: FrameworkServlet 'mashbot-core': initialization started
Mar 1, 2010 1:47:09 PM org.springframework.context.support.AbstractApplicationContext prepareRefresh
INFO: Refreshing WebApplicationContext for namespace 'mashbot-core-servlet': startup date [Mon Mar 01 13:47:09 PST 2010]; root of context hierarchy
Mar 1, 2010 1:47:09 PM org.springframework.beans.factory.xml.XmlBeanDefinitionReader loadBeanDefinitions
INFO: Loading XML bean definitions from ServletContext resource [/WEB-INF/mashbot-core-servlet.xml]
Mar 1, 2010 1:47:09 PM org.springframework.beans.factory.support.DefaultListableBeanFactory preInstantiateSingletons
INFO: Pre-instantiating singletons in org.springframework.beans.factory.support.DefaultListableBeanFactory@1584807: defining beans [/hello.htm]; root of factory hierarchy
Mar 1, 2010 1:47:09 PM org.springframework.web.servlet.handler.AbstractUrlHandlerMapping registerHandler
INFO: Mapped URL path [/hello.htm] onto handler [org.mashbot.server.web.HelloController@c0a9f9]
Mar 1, 2010 1:47:10 PM org.springframework.web.servlet.FrameworkServlet initServletBean
INFO: FrameworkServlet 'mashbot-core': initialization completed in 699 ms
Mar 1, 2010 1:47:10 PM org.apache.catalina.startup.HostConfig deployDirectory
INFO: Deploying web application directory ROOT
Mar 1, 2010 1:47:10 PM org.apache.catalina.startup.HostConfig deployDirectory
INFO: Deploying web application directory springapp
Mar 1, 2010 1:47:10 PM org.apache.catalina.startup.HostConfig deployDirectory
INFO: Deploying web application directory examples
Mar 1, 2010 1:47:10 PM org.apache.catalina.startup.HostConfig deployDirectory
INFO: Deploying web application directory docs
Mar 1, 2010 1:47:10 PM org.apache.coyote.http11.Http11Protocol start
INFO: Starting Coyote HTTP/1.1 on http-8123
Mar 1, 2010 1:47:10 PM org.apache.jk.common.ChannelSocket init
INFO: JK: ajp13 listening on /0.0.0.0:8009
Mar 1, 2010 1:47:10 PM org.apache.jk.server.JkMain start
INFO: Jk running ID=0 time=0/96  config=null
Mar 1, 2010 1:47:10 PM org.apache.catalina.startup.Catalina start
INFO: Server startup in 2603 ms
