Feb 15, 2010 12:02:40 PM org.apache.catalina.core.ApplicationContext log
INFO: Manager: init: Associated with Deployer 'Catalina:type=Deployer,host=localhost'
Feb 15, 2010 12:02:40 PM org.apache.catalina.core.ApplicationContext log
INFO: Manager: init: Global resources are available
Feb 15, 2010 12:02:40 PM org.apache.catalina.core.ApplicationContext log
INFO: Manager: restart: Reloading web application at '/mashbot-core'
Feb 15, 2010 12:50:48 PM org.apache.catalina.core.ApplicationContext log
INFO: Manager: restart: Reloading web application at '/mashbot-core'
Feb 15, 2010 12:52:08 PM org.apache.catalina.core.ApplicationContext log
INFO: Manager: stop: Stopping web application at '/mashbot-core'
Feb 15, 2010 12:52:16 PM org.apache.catalina.core.ApplicationContext log
INFO: Manager: start: Starting web application at '/mashbot-core'
Feb 15, 2010 12:53:43 PM org.apache.catalina.core.ApplicationContext log
INFO: Manager: restart: Reloading web application at '/mashbot-core'
Feb 15, 2010 12:53:43 PM org.apache.catalina.core.ApplicationContext log
SEVERE: Manager: ManagerServlet.reload[/mashbot-core]
java.lang.IllegalStateException: Container org.apache.catalina.core.ContainerBase.[Catalina].[localhost].[/mashbot-core] has not been started
	at org.apache.catalina.core.StandardContext.reload(StandardContext.java:3208)
	at org.apache.catalina.manager.ManagerServlet.reload(ManagerServlet.java:918)
	at org.apache.catalina.manager.ManagerServlet.doGet(ManagerServlet.java:360)
	at javax.servlet.http.HttpServlet.service(HttpServlet.java:617)
	at javax.servlet.http.HttpServlet.service(HttpServlet.java:717)
	at org.apache.catalina.core.ApplicationFilterChain.internalDoFilter(ApplicationFilterChain.java:290)
	at org.apache.catalina.core.ApplicationFilterChain.doFilter(ApplicationFilterChain.java:206)
	at org.apache.catalina.core.StandardWrapperValve.invoke(StandardWrapperValve.java:233)
	at org.apache.catalina.core.StandardContextValve.invoke(StandardContextValve.java:191)
	at org.apache.catalina.authenticator.AuthenticatorBase.invoke(AuthenticatorBase.java:558)
	at org.apache.catalina.core.StandardHostValve.invoke(StandardHostValve.java:127)
	at org.apache.catalina.valves.ErrorReportValve.invoke(ErrorReportValve.java:102)
	at org.apache.catalina.core.StandardEngineValve.invoke(StandardEngineValve.java:109)
	at org.apache.catalina.connector.CoyoteAdapter.service(CoyoteAdapter.java:298)
	at org.apache.coyote.http11.Http11Processor.process(Http11Processor.java:852)
	at org.apache.coyote.http11.Http11Protocol$Http11ConnectionHandler.process(Http11Protocol.java:588)
	at org.apache.tomcat.util.net.JIoEndpoint$Worker.run(JIoEndpoint.java:489)
	at java.lang.Thread.run(Thread.java:619)
Feb 15, 2010 12:53:51 PM org.apache.catalina.core.ApplicationContext log
INFO: Manager: start: Starting web application at '/mashbot-core'
Feb 15, 2010 12:53:59 PM org.apache.catalina.core.ApplicationContext log
INFO: Manager: stop: Stopping web application at '/mashbot-core'
Feb 15, 2010 12:54:01 PM org.apache.catalina.core.ApplicationContext log
INFO: Manager: start: Starting web application at '/mashbot-core'
